<?xml version="1.0" encoding="UTF-8"?>
<!-- Generated by org.testng.reporters.JUnitReportReporter -->
<testsuite hostname="Hp" failures="0" tests="2" name="runners.LoginTestRunner" time="22.418" errors="0" timestamp="2025-03-22T01:02:54 IST" skipped="0">
  <testcase classname="runners.LoginTestRunner" name="runScenario" time="11.509"/>
  <testcase classname="runners.LoginTestRunner" name="runScenario" time="10.909"/>
</testsuite> <!-- runners.LoginTestRunner -->
