<?xml version="1.0" encoding="UTF-8"?>
<!-- Generated by org.testng.reporters.JUnitReportReporter -->
<testsuite hostname="Hp" failures="0" tests="1" name="runner.Hometest" time="6.427" errors="0" timestamp="2025-03-21T17:54:54 IST" skipped="0">
  <testcase classname="runner.Hometest" name="launchApplication" time="6.427"/>
</testsuite> <!-- runner.Hometest -->
